{"/Users/Alicia/projects/AliciaHan_T3A2/AliciaHan_T3A2-B/Full_Stack_App_T3A2-B/app.js": {"path":"/Users/Alicia/projects/AliciaHan_T3A2/AliciaHan_T3A2-B/Full_Stack_App_T3A2-B/app.js","statementMap":{"0":{"start":{"line":9,"column":12},"end":{"line":9,"column":21}},"1":{"start":{"line":12,"column":0},"end":{"line":12,"column":15}},"2":{"start":{"line":14,"column":0},"end":{"line":14,"column":23}},"3":{"start":{"line":16,"column":0},"end":{"line":16,"column":65}},"4":{"start":{"line":16,"column":27},"end":{"line":16,"column":64}},"5":{"start":{"line":19,"column":0},"end":{"line":19,"column":28}},"6":{"start":{"line":20,"column":0},"end":{"line":20,"column":31}},"7":{"start":{"line":21,"column":0},"end":{"line":21,"column":24}},"8":{"start":{"line":22,"column":0},"end":{"line":22,"column":35}}},"fnMap":{"0":{"name":"(anonymous_0)","decl":{"start":{"line":16,"column":13},"end":{"line":16,"column":14}},"loc":{"start":{"line":16,"column":27},"end":{"line":16,"column":64}},"line":16}},"branchMap":{},"s":{"0":4,"1":4,"2":4,"3":4,"4":0,"5":4,"6":4,"7":4,"8":4},"f":{"0":0},"b":{},"_coverageSchema":"1a1c01bbd47fc00a2c39e90264f33305004495a9","hash":"d798151e69b15b3f0bc65b78ca4eaee50efbf0e8"}
,"/Users/Alicia/projects/AliciaHan_T3A2/AliciaHan_T3A2-B/Full_Stack_App_T3A2-B/db.js": {"path":"/Users/Alicia/projects/AliciaHan_T3A2/AliciaHan_T3A2-B/Full_Stack_App_T3A2-B/db.js","statementMap":{"0":{"start":{"line":4,"column":0},"end":{"line":4,"column":15}},"1":{"start":{"line":8,"column":4},"end":{"line":8,"column":37}},"2":{"start":{"line":9,"column":4},"end":{"line":9,"column":27}},"3":{"start":{"line":12,"column":0},"end":{"line":14,"column":31}},"4":{"start":{"line":13,"column":11},"end":{"line":13,"column":106}},"5":{"start":{"line":14,"column":14},"end":{"line":14,"column":30}},"6":{"start":{"line":17,"column":19},"end":{"line":40,"column":2}},"7":{"start":{"line":43,"column":18},"end":{"line":43,"column":52}},"8":{"start":{"line":48,"column":20},"end":{"line":51,"column":2}},"9":{"start":{"line":53,"column":0},"end":{"line":53,"column":53}},"10":{"start":{"line":54,"column":19},"end":{"line":54,"column":55}},"11":{"start":{"line":57,"column":19},"end":{"line":59,"column":2}},"12":{"start":{"line":61,"column":18},"end":{"line":61,"column":52}},"13":{"start":{"line":65,"column":22},"end":{"line":87,"column":2}},"14":{"start":{"line":89,"column":21},"end":{"line":89,"column":61}}},"fnMap":{"0":{"name":"dbClose","decl":{"start":{"line":7,"column":15},"end":{"line":7,"column":22}},"loc":{"start":{"line":7,"column":25},"end":{"line":10,"column":1}},"line":7},"1":{"name":"(anonymous_1)","decl":{"start":{"line":13,"column":6},"end":{"line":13,"column":7}},"loc":{"start":{"line":13,"column":11},"end":{"line":13,"column":106}},"line":13},"2":{"name":"(anonymous_2)","decl":{"start":{"line":14,"column":7},"end":{"line":14,"column":8}},"loc":{"start":{"line":14,"column":14},"end":{"line":14,"column":30}},"line":14}},"branchMap":{"0":{"loc":{"start":{"line":13,"column":23},"end":{"line":13,"column":105}},"type":"cond-expr","locations":[{"start":{"line":13,"column":55},"end":{"line":13,"column":76}},{"start":{"line":13,"column":79},"end":{"line":13,"column":105}}],"line":13}},"s":{"0":4,"1":0,"2":0,"3":4,"4":3,"5":0,"6":4,"7":4,"8":4,"9":4,"10":4,"11":4,"12":4,"13":4,"14":4},"f":{"0":0,"1":3,"2":0},"b":{"0":[3,0]},"_coverageSchema":"1a1c01bbd47fc00a2c39e90264f33305004495a9","hash":"b658f8c0b893e550dc597fe6e17424a53702a58e"}
,"/Users/Alicia/projects/AliciaHan_T3A2/AliciaHan_T3A2-B/Full_Stack_App_T3A2-B/jwt_auth.js": {"path":"/Users/Alicia/projects/AliciaHan_T3A2/AliciaHan_T3A2-B/Full_Stack_App_T3A2-B/jwt_auth.js","statementMap":{"0":{"start":{"line":5,"column":26},"end":{"line":44,"column":1}},"1":{"start":{"line":6,"column":21},"end":{"line":6,"column":49}},"2":{"start":{"line":7,"column":16},"end":{"line":7,"column":54}},"3":{"start":{"line":9,"column":2},"end":{"line":11,"column":3}},"4":{"start":{"line":10,"column":4},"end":{"line":10,"column":74}},"5":{"start":{"line":13,"column":2},"end":{"line":43,"column":3}},"6":{"start":{"line":14,"column":25},"end":{"line":14,"column":66}},"7":{"start":{"line":15,"column":17},"end":{"line":15,"column":58}},"8":{"start":{"line":17,"column":4},"end":{"line":19,"column":5}},"9":{"start":{"line":18,"column":6},"end":{"line":18,"column":61}},"10":{"start":{"line":22,"column":4},"end":{"line":40,"column":5}},"11":{"start":{"line":23,"column":6},"end":{"line":23,"column":21}},"12":{"start":{"line":24,"column":6},"end":{"line":24,"column":12}},"13":{"start":{"line":27,"column":6},"end":{"line":29,"column":7}},"14":{"start":{"line":28,"column":8},"end":{"line":28,"column":82}},"15":{"start":{"line":32,"column":22},"end":{"line":32,"column":63}},"16":{"start":{"line":33,"column":6},"end":{"line":35,"column":7}},"17":{"start":{"line":34,"column":8},"end":{"line":34,"column":75}},"18":{"start":{"line":37,"column":6},"end":{"line":37,"column":21}},"19":{"start":{"line":38,"column":6},"end":{"line":38,"column":27}},"20":{"start":{"line":39,"column":6},"end":{"line":39,"column":12}},"21":{"start":{"line":42,"column":4},"end":{"line":42,"column":60}},"22":{"start":{"line":47,"column":23},"end":{"line":53,"column":1}},"23":{"start":{"line":48,"column":2},"end":{"line":52,"column":3}},"24":{"start":{"line":49,"column":4},"end":{"line":49,"column":10}},"25":{"start":{"line":51,"column":4},"end":{"line":51,"column":59}},"26":{"start":{"line":56,"column":38},"end":{"line":62,"column":1}},"27":{"start":{"line":57,"column":2},"end":{"line":61,"column":3}},"28":{"start":{"line":58,"column":4},"end":{"line":58,"column":10}},"29":{"start":{"line":60,"column":4},"end":{"line":60,"column":59}},"30":{"start":{"line":65,"column":21},"end":{"line":79,"column":1}},"31":{"start":{"line":66,"column":21},"end":{"line":66,"column":49}},"32":{"start":{"line":67,"column":16},"end":{"line":67,"column":54}},"33":{"start":{"line":69,"column":2},"end":{"line":71,"column":3}},"34":{"start":{"line":70,"column":4},"end":{"line":70,"column":74}},"35":{"start":{"line":73,"column":2},"end":{"line":78,"column":3}},"36":{"start":{"line":74,"column":4},"end":{"line":74,"column":45}},"37":{"start":{"line":75,"column":4},"end":{"line":75,"column":10}},"38":{"start":{"line":77,"column":4},"end":{"line":77,"column":60}}},"fnMap":{"0":{"name":"(anonymous_0)","decl":{"start":{"line":5,"column":26},"end":{"line":5,"column":27}},"loc":{"start":{"line":5,"column":52},"end":{"line":44,"column":1}},"line":5},"1":{"name":"(anonymous_1)","decl":{"start":{"line":47,"column":23},"end":{"line":47,"column":24}},"loc":{"start":{"line":47,"column":43},"end":{"line":53,"column":1}},"line":47},"2":{"name":"(anonymous_2)","decl":{"start":{"line":56,"column":38},"end":{"line":56,"column":39}},"loc":{"start":{"line":56,"column":58},"end":{"line":62,"column":1}},"line":56},"3":{"name":"(anonymous_3)","decl":{"start":{"line":65,"column":21},"end":{"line":65,"column":22}},"loc":{"start":{"line":65,"column":41},"end":{"line":79,"column":1}},"line":65}},"branchMap":{"0":{"loc":{"start":{"line":7,"column":16},"end":{"line":7,"column":54}},"type":"binary-expr","locations":[{"start":{"line":7,"column":16},"end":{"line":7,"column":26}},{"start":{"line":7,"column":30},"end":{"line":7,"column":54}}],"line":7},"1":{"loc":{"start":{"line":9,"column":2},"end":{"line":11,"column":3}},"type":"if","locations":[{"start":{"line":9,"column":2},"end":{"line":11,"column":3}},{"start":{},"end":{}}],"line":9},"2":{"loc":{"start":{"line":17,"column":4},"end":{"line":19,"column":5}},"type":"if","locations":[{"start":{"line":17,"column":4},"end":{"line":19,"column":5}},{"start":{},"end":{}}],"line":17},"3":{"loc":{"start":{"line":22,"column":4},"end":{"line":40,"column":5}},"type":"if","locations":[{"start":{"line":22,"column":4},"end":{"line":40,"column":5}},{"start":{"line":25,"column":11},"end":{"line":40,"column":5}}],"line":22},"4":{"loc":{"start":{"line":27,"column":6},"end":{"line":29,"column":7}},"type":"if","locations":[{"start":{"line":27,"column":6},"end":{"line":29,"column":7}},{"start":{},"end":{}}],"line":27},"5":{"loc":{"start":{"line":33,"column":6},"end":{"line":35,"column":7}},"type":"if","locations":[{"start":{"line":33,"column":6},"end":{"line":35,"column":7}},{"start":{},"end":{}}],"line":33},"6":{"loc":{"start":{"line":48,"column":2},"end":{"line":52,"column":3}},"type":"if","locations":[{"start":{"line":48,"column":2},"end":{"line":52,"column":3}},{"start":{"line":50,"column":9},"end":{"line":52,"column":3}}],"line":48},"7":{"loc":{"start":{"line":48,"column":6},"end":{"line":48,"column":43}},"type":"binary-expr","locations":[{"start":{"line":48,"column":6},"end":{"line":48,"column":14}},{"start":{"line":48,"column":18},"end":{"line":48,"column":43}}],"line":48},"8":{"loc":{"start":{"line":57,"column":2},"end":{"line":61,"column":3}},"type":"if","locations":[{"start":{"line":57,"column":2},"end":{"line":61,"column":3}},{"start":{"line":59,"column":9},"end":{"line":61,"column":3}}],"line":57},"9":{"loc":{"start":{"line":57,"column":6},"end":{"line":57,"column":75}},"type":"binary-expr","locations":[{"start":{"line":57,"column":6},"end":{"line":57,"column":31}},{"start":{"line":57,"column":35},"end":{"line":57,"column":75}}],"line":57},"10":{"loc":{"start":{"line":67,"column":16},"end":{"line":67,"column":54}},"type":"binary-expr","locations":[{"start":{"line":67,"column":16},"end":{"line":67,"column":26}},{"start":{"line":67,"column":30},"end":{"line":67,"column":54}}],"line":67},"11":{"loc":{"start":{"line":69,"column":2},"end":{"line":71,"column":3}},"type":"if","locations":[{"start":{"line":69,"column":2},"end":{"line":71,"column":3}},{"start":{},"end":{}}],"line":69}},"s":{"0":4,"1":7,"2":7,"3":7,"4":0,"5":7,"6":7,"7":7,"8":7,"9":0,"10":7,"11":7,"12":7,"13":0,"14":0,"15":0,"16":0,"17":0,"18":0,"19":0,"20":0,"21":0,"22":4,"23":1,"24":1,"25":0,"26":4,"27":1,"28":1,"29":0,"30":4,"31":3,"32":3,"33":3,"34":0,"35":3,"36":3,"37":3,"38":0},"f":{"0":7,"1":1,"2":1,"3":3},"b":{"0":[7,7],"1":[0,7],"2":[0,7],"3":[7,0],"4":[0,0],"5":[0,0],"6":[1,0],"7":[1,1],"8":[1,0],"9":[1,0],"10":[3,3],"11":[0,3]},"_coverageSchema":"1a1c01bbd47fc00a2c39e90264f33305004495a9","hash":"ce7dcd0f49f148ab6edf0ccb10d1bbfdfe95060d"}
,"/Users/Alicia/projects/AliciaHan_T3A2/AliciaHan_T3A2-B/Full_Stack_App_T3A2-B/routes/auth_routes.js": {"path":"/Users/Alicia/projects/AliciaHan_T3A2/AliciaHan_T3A2-B/Full_Stack_App_T3A2-B/routes/auth_routes.js","statementMap":{"0":{"start":{"line":6,"column":15},"end":{"line":6,"column":23}},"1":{"start":{"line":9,"column":0},"end":{"line":44,"column":2}},"2":{"start":{"line":10,"column":1},"end":{"line":43,"column":2}},"3":{"start":{"line":11,"column":43},"end":{"line":11,"column":51}},"4":{"start":{"line":14,"column":17},"end":{"line":14,"column":34}},"5":{"start":{"line":15,"column":15},"end":{"line":15,"column":39}},"6":{"start":{"line":16,"column":2},"end":{"line":16,"column":46}},"7":{"start":{"line":19,"column":18},"end":{"line":19,"column":56}},"8":{"start":{"line":21,"column":2},"end":{"line":23,"column":3}},"9":{"start":{"line":22,"column":3},"end":{"line":22,"column":71}},"10":{"start":{"line":26,"column":2},"end":{"line":28,"column":3}},"11":{"start":{"line":27,"column":3},"end":{"line":27,"column":66}},"12":{"start":{"line":30,"column":18},"end":{"line":30,"column":95}},"13":{"start":{"line":33,"column":25},"end":{"line":33,"column":62}},"14":{"start":{"line":35,"column":18},"end":{"line":37,"column":5}},"15":{"start":{"line":39,"column":3},"end":{"line":39,"column":108}},"16":{"start":{"line":42,"column":2},"end":{"line":42,"column":46}},"17":{"start":{"line":47,"column":0},"end":{"line":78,"column":2}},"18":{"start":{"line":48,"column":29},"end":{"line":48,"column":37}},"19":{"start":{"line":51,"column":1},"end":{"line":53,"column":2}},"20":{"start":{"line":52,"column":2},"end":{"line":52,"column":76}},"21":{"start":{"line":55,"column":1},"end":{"line":77,"column":2}},"22":{"start":{"line":56,"column":15},"end":{"line":56,"column":69}},"23":{"start":{"line":59,"column":2},"end":{"line":73,"column":3}},"24":{"start":{"line":60,"column":27},"end":{"line":60,"column":72}},"25":{"start":{"line":62,"column":3},"end":{"line":70,"column":4}},"26":{"start":{"line":63,"column":18},"end":{"line":65,"column":6}},"27":{"start":{"line":66,"column":25},"end":{"line":66,"column":59}},"28":{"start":{"line":67,"column":4},"end":{"line":67,"column":85}},"29":{"start":{"line":69,"column":4},"end":{"line":69,"column":48}},"30":{"start":{"line":72,"column":4},"end":{"line":72,"column":54}},"31":{"start":{"line":76,"column":2},"end":{"line":76,"column":46}}},"fnMap":{"0":{"name":"(anonymous_0)","decl":{"start":{"line":9,"column":23},"end":{"line":9,"column":24}},"loc":{"start":{"line":9,"column":43},"end":{"line":44,"column":1}},"line":9},"1":{"name":"(anonymous_1)","decl":{"start":{"line":47,"column":22},"end":{"line":47,"column":23}},"loc":{"start":{"line":47,"column":42},"end":{"line":78,"column":1}},"line":47}},"branchMap":{"0":{"loc":{"start":{"line":21,"column":2},"end":{"line":23,"column":3}},"type":"if","locations":[{"start":{"line":21,"column":2},"end":{"line":23,"column":3}},{"start":{},"end":{}}],"line":21},"1":{"loc":{"start":{"line":26,"column":2},"end":{"line":28,"column":3}},"type":"if","locations":[{"start":{"line":26,"column":2},"end":{"line":28,"column":3}},{"start":{},"end":{}}],"line":26},"2":{"loc":{"start":{"line":51,"column":1},"end":{"line":53,"column":2}},"type":"if","locations":[{"start":{"line":51,"column":1},"end":{"line":53,"column":2}},{"start":{},"end":{}}],"line":51},"3":{"loc":{"start":{"line":51,"column":5},"end":{"line":51,"column":24}},"type":"binary-expr","locations":[{"start":{"line":51,"column":5},"end":{"line":51,"column":11}},{"start":{"line":51,"column":15},"end":{"line":51,"column":24}}],"line":51},"4":{"loc":{"start":{"line":59,"column":2},"end":{"line":73,"column":3}},"type":"if","locations":[{"start":{"line":59,"column":2},"end":{"line":73,"column":3}},{"start":{"line":71,"column":9},"end":{"line":73,"column":3}}],"line":59},"5":{"loc":{"start":{"line":62,"column":3},"end":{"line":70,"column":4}},"type":"if","locations":[{"start":{"line":62,"column":3},"end":{"line":70,"column":4}},{"start":{"line":68,"column":10},"end":{"line":70,"column":4}}],"line":62}},"s":{"0":4,"1":4,"2":0,"3":0,"4":0,"5":0,"6":0,"7":0,"8":0,"9":0,"10":0,"11":0,"12":0,"13":0,"14":0,"15":0,"16":0,"17":4,"18":0,"19":0,"20":0,"21":0,"22":0,"23":0,"24":0,"25":0,"26":0,"27":0,"28":0,"29":0,"30":0,"31":0},"f":{"0":0,"1":0},"b":{"0":[0,0],"1":[0,0],"2":[0,0],"3":[0,0],"4":[0,0],"5":[0,0]},"_coverageSchema":"1a1c01bbd47fc00a2c39e90264f33305004495a9","hash":"b0c344fb6eb69ce0bbb76acddb1ae621bfc05bfb"}
,"/Users/Alicia/projects/AliciaHan_T3A2/AliciaHan_T3A2-B/Full_Stack_App_T3A2-B/routes/class_routes.js": {"path":"/Users/Alicia/projects/AliciaHan_T3A2/AliciaHan_T3A2-B/Full_Stack_App_T3A2-B/routes/class_routes.js","statementMap":{"0":{"start":{"line":5,"column":15},"end":{"line":5,"column":23}},"1":{"start":{"line":9,"column":0},"end":{"line":9,"column":132}},"2":{"start":{"line":9,"column":51},"end":{"line":9,"column":131}},"3":{"start":{"line":38,"column":0},"end":{"line":71,"column":2}},"4":{"start":{"line":39,"column":4},"end":{"line":70,"column":5}},"5":{"start":{"line":42,"column":25},"end":{"line":42,"column":72}},"6":{"start":{"line":44,"column":27},"end":{"line":44,"column":71}},"7":{"start":{"line":46,"column":8},"end":{"line":65,"column":9}},"8":{"start":{"line":48,"column":12},"end":{"line":48,"column":43}},"9":{"start":{"line":50,"column":26},"end":{"line":50,"column":103}},"10":{"start":{"line":52,"column":12},"end":{"line":60,"column":13}},"11":{"start":{"line":54,"column":16},"end":{"line":54,"column":43}},"12":{"start":{"line":59,"column":16},"end":{"line":59,"column":68}},"13":{"start":{"line":64,"column":12},"end":{"line":64,"column":64}},"14":{"start":{"line":69,"column":8},"end":{"line":69,"column":49}},"15":{"start":{"line":75,"column":0},"end":{"line":96,"column":2}},"16":{"start":{"line":76,"column":4},"end":{"line":95,"column":5}},"17":{"start":{"line":79,"column":28},"end":{"line":79,"column":74}},"18":{"start":{"line":81,"column":8},"end":{"line":90,"column":9}},"19":{"start":{"line":84,"column":29},"end":{"line":84,"column":95}},"20":{"start":{"line":85,"column":12},"end":{"line":85,"column":42}},"21":{"start":{"line":89,"column":12},"end":{"line":89,"column":81}},"22":{"start":{"line":94,"column":8},"end":{"line":94,"column":49}},"23":{"start":{"line":99,"column":0},"end":{"line":127,"column":2}},"24":{"start":{"line":100,"column":4},"end":{"line":124,"column":5}},"25":{"start":{"line":101,"column":28},"end":{"line":101,"column":30}},"26":{"start":{"line":103,"column":8},"end":{"line":120,"column":9}},"27":{"start":{"line":105,"column":30},"end":{"line":105,"column":98}},"28":{"start":{"line":106,"column":12},"end":{"line":119,"column":13}},"29":{"start":{"line":107,"column":31},"end":{"line":107,"column":150}},"30":{"start":{"line":108,"column":16},"end":{"line":115,"column":17}},"31":{"start":{"line":110,"column":20},"end":{"line":110,"column":36}},"32":{"start":{"line":114,"column":20},"end":{"line":114,"column":61}},"33":{"start":{"line":118,"column":16},"end":{"line":118,"column":62}},"34":{"start":{"line":123,"column":8},"end":{"line":123,"column":50}},"35":{"start":{"line":131,"column":0},"end":{"line":149,"column":2}},"36":{"start":{"line":132,"column":4},"end":{"line":145,"column":5}},"37":{"start":{"line":134,"column":23},"end":{"line":134,"column":72}},"38":{"start":{"line":136,"column":8},"end":{"line":140,"column":9}},"39":{"start":{"line":137,"column":12},"end":{"line":137,"column":31}},"40":{"start":{"line":139,"column":12},"end":{"line":139,"column":54}},"41":{"start":{"line":144,"column":8},"end":{"line":144,"column":41}}},"fnMap":{"0":{"name":"(anonymous_0)","decl":{"start":{"line":9,"column":33},"end":{"line":9,"column":34}},"loc":{"start":{"line":9,"column":51},"end":{"line":9,"column":131}},"line":9},"1":{"name":"(anonymous_1)","decl":{"start":{"line":38,"column":59},"end":{"line":38,"column":60}},"loc":{"start":{"line":38,"column":77},"end":{"line":71,"column":1}},"line":38},"2":{"name":"(anonymous_2)","decl":{"start":{"line":75,"column":51},"end":{"line":75,"column":52}},"loc":{"start":{"line":75,"column":69},"end":{"line":96,"column":1}},"line":75},"3":{"name":"(anonymous_3)","decl":{"start":{"line":99,"column":53},"end":{"line":99,"column":54}},"loc":{"start":{"line":99,"column":71},"end":{"line":127,"column":1}},"line":99},"4":{"name":"(anonymous_4)","decl":{"start":{"line":131,"column":56},"end":{"line":131,"column":57}},"loc":{"start":{"line":131,"column":75},"end":{"line":149,"column":1}},"line":131}},"branchMap":{"0":{"loc":{"start":{"line":46,"column":8},"end":{"line":65,"column":9}},"type":"if","locations":[{"start":{"line":46,"column":8},"end":{"line":65,"column":9}},{"start":{"line":63,"column":8},"end":{"line":65,"column":9}}],"line":46},"1":{"loc":{"start":{"line":52,"column":12},"end":{"line":60,"column":13}},"type":"if","locations":[{"start":{"line":52,"column":12},"end":{"line":60,"column":13}},{"start":{"line":58,"column":12},"end":{"line":60,"column":13}}],"line":52},"2":{"loc":{"start":{"line":81,"column":8},"end":{"line":90,"column":9}},"type":"if","locations":[{"start":{"line":81,"column":8},"end":{"line":90,"column":9}},{"start":{"line":88,"column":8},"end":{"line":90,"column":9}}],"line":81},"3":{"loc":{"start":{"line":103,"column":8},"end":{"line":120,"column":9}},"type":"if","locations":[{"start":{"line":103,"column":8},"end":{"line":120,"column":9}},{"start":{},"end":{}}],"line":103},"4":{"loc":{"start":{"line":105,"column":30},"end":{"line":105,"column":98}},"type":"binary-expr","locations":[{"start":{"line":105,"column":30},"end":{"line":105,"column":43}},{"start":{"line":105,"column":47},"end":{"line":105,"column":98}}],"line":105},"5":{"loc":{"start":{"line":106,"column":12},"end":{"line":119,"column":13}},"type":"if","locations":[{"start":{"line":106,"column":12},"end":{"line":119,"column":13}},{"start":{"line":117,"column":17},"end":{"line":119,"column":13}}],"line":106},"6":{"loc":{"start":{"line":108,"column":16},"end":{"line":115,"column":17}},"type":"if","locations":[{"start":{"line":108,"column":16},"end":{"line":115,"column":17}},{"start":{"line":113,"column":16},"end":{"line":115,"column":17}}],"line":108},"7":{"loc":{"start":{"line":136,"column":8},"end":{"line":140,"column":9}},"type":"if","locations":[{"start":{"line":136,"column":8},"end":{"line":140,"column":9}},{"start":{"line":138,"column":15},"end":{"line":140,"column":9}}],"line":136}},"s":{"0":4,"1":4,"2":2,"3":4,"4":0,"5":0,"6":0,"7":0,"8":0,"9":0,"10":0,"11":0,"12":0,"13":0,"14":0,"15":4,"16":0,"17":0,"18":0,"19":0,"20":0,"21":0,"22":0,"23":4,"24":0,"25":0,"26":0,"27":0,"28":0,"29":0,"30":0,"31":0,"32":0,"33":0,"34":0,"35":4,"36":0,"37":0,"38":0,"39":0,"40":0,"41":0},"f":{"0":2,"1":0,"2":0,"3":0,"4":0},"b":{"0":[0,0],"1":[0,0],"2":[0,0],"3":[0,0],"4":[0,0],"5":[0,0],"6":[0,0],"7":[0,0]},"_coverageSchema":"1a1c01bbd47fc00a2c39e90264f33305004495a9","hash":"35ab073980222676a535e32394ea947e02a5ec8a"}
,"/Users/Alicia/projects/AliciaHan_T3A2/AliciaHan_T3A2-B/Full_Stack_App_T3A2-B/routes/student_routes.js": {"path":"/Users/Alicia/projects/AliciaHan_T3A2/AliciaHan_T3A2-B/Full_Stack_App_T3A2-B/routes/student_routes.js","statementMap":{"0":{"start":{"line":5,"column":15},"end":{"line":5,"column":23}},"1":{"start":{"line":9,"column":0},"end":{"line":19,"column":2}},"2":{"start":{"line":10,"column":2},"end":{"line":18,"column":3}},"3":{"start":{"line":11,"column":21},"end":{"line":11,"column":46}},"4":{"start":{"line":15,"column":4},"end":{"line":15,"column":22}},"5":{"start":{"line":17,"column":4},"end":{"line":17,"column":50}},"6":{"start":{"line":23,"column":0},"end":{"line":38,"column":2}},"7":{"start":{"line":24,"column":2},"end":{"line":37,"column":3}},"8":{"start":{"line":25,"column":20},"end":{"line":25,"column":62}},"9":{"start":{"line":29,"column":4},"end":{"line":31,"column":5}},"10":{"start":{"line":30,"column":6},"end":{"line":30,"column":55}},"11":{"start":{"line":33,"column":4},"end":{"line":33,"column":21}},"12":{"start":{"line":36,"column":4},"end":{"line":36,"column":50}},"13":{"start":{"line":42,"column":0},"end":{"line":71,"column":2}},"14":{"start":{"line":43,"column":2},"end":{"line":70,"column":3}},"15":{"start":{"line":44,"column":66},"end":{"line":44,"column":74}},"16":{"start":{"line":47,"column":26},"end":{"line":47,"column":60}},"17":{"start":{"line":48,"column":4},"end":{"line":50,"column":5}},"18":{"start":{"line":49,"column":6},"end":{"line":49,"column":63}},"19":{"start":{"line":52,"column":23},"end":{"line":64,"column":6}},"20":{"start":{"line":66,"column":4},"end":{"line":66,"column":36}},"21":{"start":{"line":69,"column":4},"end":{"line":69,"column":50}},"22":{"start":{"line":75,"column":0},"end":{"line":131,"column":2}},"23":{"start":{"line":76,"column":2},"end":{"line":130,"column":3}},"24":{"start":{"line":89,"column":8},"end":{"line":89,"column":16}},"25":{"start":{"line":98,"column":26},"end":{"line":98,"column":60}},"26":{"start":{"line":99,"column":4},"end":{"line":101,"column":5}},"27":{"start":{"line":100,"column":6},"end":{"line":100,"column":63}},"28":{"start":{"line":103,"column":27},"end":{"line":118,"column":5}},"29":{"start":{"line":120,"column":4},"end":{"line":122,"column":5}},"30":{"start":{"line":121,"column":6},"end":{"line":121,"column":66}},"31":{"start":{"line":127,"column":4},"end":{"line":127,"column":40}},"32":{"start":{"line":129,"column":4},"end":{"line":129,"column":50}},"33":{"start":{"line":135,"column":0},"end":{"line":149,"column":2}},"34":{"start":{"line":136,"column":2},"end":{"line":148,"column":3}},"35":{"start":{"line":137,"column":20},"end":{"line":137,"column":71}},"36":{"start":{"line":139,"column":4},"end":{"line":144,"column":5}},"37":{"start":{"line":140,"column":19},"end":{"line":140,"column":77}},"38":{"start":{"line":141,"column":6},"end":{"line":141,"column":25}},"39":{"start":{"line":143,"column":6},"end":{"line":143,"column":56}},"40":{"start":{"line":147,"column":4},"end":{"line":147,"column":37}}},"fnMap":{"0":{"name":"(anonymous_0)","decl":{"start":{"line":9,"column":30},"end":{"line":9,"column":31}},"loc":{"start":{"line":9,"column":50},"end":{"line":19,"column":1}},"line":9},"1":{"name":"(anonymous_1)","decl":{"start":{"line":23,"column":33},"end":{"line":23,"column":34}},"loc":{"start":{"line":23,"column":53},"end":{"line":38,"column":1}},"line":23},"2":{"name":"(anonymous_2)","decl":{"start":{"line":42,"column":52},"end":{"line":42,"column":53}},"loc":{"start":{"line":42,"column":72},"end":{"line":71,"column":1}},"line":42},"3":{"name":"(anonymous_3)","decl":{"start":{"line":75,"column":69},"end":{"line":75,"column":70}},"loc":{"start":{"line":75,"column":89},"end":{"line":131,"column":1}},"line":75},"4":{"name":"(anonymous_4)","decl":{"start":{"line":135,"column":57},"end":{"line":135,"column":58}},"loc":{"start":{"line":135,"column":76},"end":{"line":149,"column":1}},"line":135}},"branchMap":{"0":{"loc":{"start":{"line":29,"column":4},"end":{"line":31,"column":5}},"type":"if","locations":[{"start":{"line":29,"column":4},"end":{"line":31,"column":5}},{"start":{},"end":{}}],"line":29},"1":{"loc":{"start":{"line":48,"column":4},"end":{"line":50,"column":5}},"type":"if","locations":[{"start":{"line":48,"column":4},"end":{"line":50,"column":5}},{"start":{},"end":{}}],"line":48},"2":{"loc":{"start":{"line":99,"column":4},"end":{"line":101,"column":5}},"type":"if","locations":[{"start":{"line":99,"column":4},"end":{"line":101,"column":5}},{"start":{},"end":{}}],"line":99},"3":{"loc":{"start":{"line":120,"column":4},"end":{"line":122,"column":5}},"type":"if","locations":[{"start":{"line":120,"column":4},"end":{"line":122,"column":5}},{"start":{},"end":{}}],"line":120},"4":{"loc":{"start":{"line":139,"column":4},"end":{"line":144,"column":5}},"type":"if","locations":[{"start":{"line":139,"column":4},"end":{"line":144,"column":5}},{"start":{"line":142,"column":11},"end":{"line":144,"column":5}}],"line":139}},"s":{"0":4,"1":4,"2":3,"3":3,"4":3,"5":0,"6":4,"7":0,"8":0,"9":0,"10":0,"11":0,"12":0,"13":4,"14":1,"15":1,"16":1,"17":1,"18":0,"19":1,"20":0,"21":1,"22":4,"23":1,"24":1,"25":1,"26":1,"27":0,"28":1,"29":1,"30":1,"31":0,"32":0,"33":4,"34":0,"35":0,"36":0,"37":0,"38":0,"39":0,"40":0},"f":{"0":3,"1":0,"2":1,"3":1,"4":0},"b":{"0":[0,0],"1":[0,1],"2":[0,1],"3":[1,0],"4":[0,0]},"_coverageSchema":"1a1c01bbd47fc00a2c39e90264f33305004495a9","hash":"f11b7a31e0249e1f1f48c532e9517c94b4e22ba9"}
,"/Users/Alicia/projects/AliciaHan_T3A2/AliciaHan_T3A2-B/Full_Stack_App_T3A2-B/routes/test_token.js": {"path":"/Users/Alicia/projects/AliciaHan_T3A2/AliciaHan_T3A2-B/Full_Stack_App_T3A2-B/routes/test_token.js","statementMap":{"0":{"start":{"line":1,"column":14},"end":{"line":1,"column":187}}},"fnMap":{},"branchMap":{},"s":{"0":3},"f":{},"b":{},"_coverageSchema":"1a1c01bbd47fc00a2c39e90264f33305004495a9","hash":"508db1f6de5b6efdb76a2fd1a694e9c5ac537a1f"}
,"/Users/Alicia/projects/AliciaHan_T3A2/AliciaHan_T3A2-B/Full_Stack_App_T3A2-B/routes/year_routes.js": {"path":"/Users/Alicia/projects/AliciaHan_T3A2/AliciaHan_T3A2-B/Full_Stack_App_T3A2-B/routes/year_routes.js","statementMap":{"0":{"start":{"line":5,"column":15},"end":{"line":5,"column":23}},"1":{"start":{"line":8,"column":0},"end":{"line":8,"column":85}},"2":{"start":{"line":8,"column":52},"end":{"line":8,"column":84}},"3":{"start":{"line":11,"column":0},"end":{"line":31,"column":2}},"4":{"start":{"line":12,"column":4},"end":{"line":30,"column":5}},"5":{"start":{"line":14,"column":24},"end":{"line":14,"column":70}},"6":{"start":{"line":16,"column":8},"end":{"line":24,"column":9}},"7":{"start":{"line":18,"column":12},"end":{"line":18,"column":41}},"8":{"start":{"line":23,"column":12},"end":{"line":23,"column":63}},"9":{"start":{"line":29,"column":8},"end":{"line":29,"column":49}},"10":{"start":{"line":34,"column":0},"end":{"line":52,"column":2}},"11":{"start":{"line":35,"column":4},"end":{"line":50,"column":5}},"12":{"start":{"line":36,"column":22},"end":{"line":36,"column":103}},"13":{"start":{"line":38,"column":8},"end":{"line":45,"column":9}},"14":{"start":{"line":40,"column":12},"end":{"line":40,"column":27}},"15":{"start":{"line":44,"column":12},"end":{"line":44,"column":61}},"16":{"start":{"line":49,"column":8},"end":{"line":49,"column":49}},"17":{"start":{"line":54,"column":0},"end":{"line":76,"column":2}},"18":{"start":{"line":55,"column":4},"end":{"line":74,"column":5}},"19":{"start":{"line":56,"column":28},"end":{"line":56,"column":67}},"20":{"start":{"line":58,"column":8},"end":{"line":70,"column":9}},"21":{"start":{"line":60,"column":26},"end":{"line":60,"column":110}},"22":{"start":{"line":62,"column":12},"end":{"line":69,"column":13}},"23":{"start":{"line":64,"column":16},"end":{"line":64,"column":31}},"24":{"start":{"line":68,"column":16},"end":{"line":68,"column":57}},"25":{"start":{"line":73,"column":8},"end":{"line":73,"column":50}},"26":{"start":{"line":78,"column":0},"end":{"line":95,"column":2}},"27":{"start":{"line":79,"column":4},"end":{"line":92,"column":5}},"28":{"start":{"line":81,"column":21},"end":{"line":81,"column":69}},"29":{"start":{"line":83,"column":8},"end":{"line":87,"column":9}},"30":{"start":{"line":84,"column":12},"end":{"line":84,"column":31}},"31":{"start":{"line":86,"column":12},"end":{"line":86,"column":54}},"32":{"start":{"line":91,"column":8},"end":{"line":91,"column":41}}},"fnMap":{"0":{"name":"(anonymous_0)","decl":{"start":{"line":8,"column":34},"end":{"line":8,"column":35}},"loc":{"start":{"line":8,"column":52},"end":{"line":8,"column":84}},"line":8},"1":{"name":"(anonymous_1)","decl":{"start":{"line":11,"column":52},"end":{"line":11,"column":53}},"loc":{"start":{"line":11,"column":70},"end":{"line":31,"column":1}},"line":11},"2":{"name":"(anonymous_2)","decl":{"start":{"line":34,"column":53},"end":{"line":34,"column":54}},"loc":{"start":{"line":34,"column":73},"end":{"line":52,"column":1}},"line":34},"3":{"name":"(anonymous_3)","decl":{"start":{"line":54,"column":53},"end":{"line":54,"column":54}},"loc":{"start":{"line":54,"column":72},"end":{"line":76,"column":1}},"line":54},"4":{"name":"(anonymous_4)","decl":{"start":{"line":78,"column":56},"end":{"line":78,"column":57}},"loc":{"start":{"line":78,"column":75},"end":{"line":95,"column":1}},"line":78}},"branchMap":{"0":{"loc":{"start":{"line":16,"column":8},"end":{"line":24,"column":9}},"type":"if","locations":[{"start":{"line":16,"column":8},"end":{"line":24,"column":9}},{"start":{"line":22,"column":8},"end":{"line":24,"column":9}}],"line":16},"1":{"loc":{"start":{"line":38,"column":8},"end":{"line":45,"column":9}},"type":"if","locations":[{"start":{"line":38,"column":8},"end":{"line":45,"column":9}},{"start":{"line":43,"column":8},"end":{"line":45,"column":9}}],"line":38},"2":{"loc":{"start":{"line":58,"column":8},"end":{"line":70,"column":9}},"type":"if","locations":[{"start":{"line":58,"column":8},"end":{"line":70,"column":9}},{"start":{},"end":{}}],"line":58},"3":{"loc":{"start":{"line":62,"column":12},"end":{"line":69,"column":13}},"type":"if","locations":[{"start":{"line":62,"column":12},"end":{"line":69,"column":13}},{"start":{"line":67,"column":12},"end":{"line":69,"column":13}}],"line":62},"4":{"loc":{"start":{"line":83,"column":8},"end":{"line":87,"column":9}},"type":"if","locations":[{"start":{"line":83,"column":8},"end":{"line":87,"column":9}},{"start":{"line":85,"column":15},"end":{"line":87,"column":9}}],"line":83}},"s":{"0":4,"1":4,"2":3,"3":4,"4":0,"5":0,"6":0,"7":0,"8":0,"9":0,"10":4,"11":0,"12":0,"13":0,"14":0,"15":0,"16":0,"17":4,"18":0,"19":0,"20":0,"21":0,"22":0,"23":0,"24":0,"25":0,"26":4,"27":0,"28":0,"29":0,"30":0,"31":0,"32":0},"f":{"0":3,"1":0,"2":0,"3":0,"4":0},"b":{"0":[0,0],"1":[0,0],"2":[0,0],"3":[0,0],"4":[0,0]},"_coverageSchema":"1a1c01bbd47fc00a2c39e90264f33305004495a9","hash":"02faa3037cb34d39941ce925b6e787817d03eb5d"}
}
