TN:
SF:app.js
FN:16,(anonymous_0)
FNF:1
FNH:0
FNDA:0,(anonymous_0)
DA:9,4
DA:12,4
DA:14,4
DA:16,4
DA:19,4
DA:20,4
DA:21,4
DA:22,4
LF:8
LH:8
BRF:0
BRH:0
end_of_record
TN:
SF:db.js
FN:7,dbClose
FN:13,(anonymous_1)
FN:14,(anonymous_2)
FNF:3
FNH:1
FNDA:0,dbClose
FNDA:3,(anonymous_1)
FNDA:0,(anonymous_2)
DA:4,4
DA:8,0
DA:9,0
DA:12,4
DA:13,3
DA:14,0
DA:17,4
DA:43,4
DA:48,4
DA:53,4
DA:54,4
DA:57,4
DA:61,4
DA:65,4
DA:89,4
LF:15
LH:12
BRDA:13,0,0,3
BRDA:13,0,1,0
BRF:2
BRH:1
end_of_record
TN:
SF:jwt_auth.js
FN:5,(anonymous_0)
FN:47,(anonymous_1)
FN:56,(anonymous_2)
FN:65,(anonymous_3)
FNF:4
FNH:4
FNDA:7,(anonymous_0)
FNDA:1,(anonymous_1)
FNDA:1,(anonymous_2)
FNDA:3,(anonymous_3)
DA:5,4
DA:6,7
DA:7,7
DA:9,7
DA:10,0
DA:13,7
DA:14,7
DA:15,7
DA:17,7
DA:18,0
DA:22,7
DA:23,7
DA:24,7
DA:27,0
DA:28,0
DA:32,0
DA:33,0
DA:34,0
DA:37,0
DA:38,0
DA:39,0
DA:42,0
DA:47,4
DA:48,1
DA:49,1
DA:51,0
DA:56,4
DA:57,1
DA:58,1
DA:60,0
DA:65,4
DA:66,3
DA:67,3
DA:69,3
DA:70,0
DA:73,3
DA:74,3
DA:75,3
DA:77,0
LF:39
LH:24
BRDA:7,0,0,7
BRDA:7,0,1,7
BRDA:9,1,0,0
BRDA:9,1,1,7
BRDA:17,2,0,0
BRDA:17,2,1,7
BRDA:22,3,0,7
BRDA:22,3,1,0
BRDA:27,4,0,0
BRDA:27,4,1,0
BRDA:33,5,0,0
BRDA:33,5,1,0
BRDA:48,6,0,1
BRDA:48,6,1,0
BRDA:48,7,0,1
BRDA:48,7,1,1
BRDA:57,8,0,1
BRDA:57,8,1,0
BRDA:57,9,0,1
BRDA:57,9,1,0
BRDA:67,10,0,3
BRDA:67,10,1,3
BRDA:69,11,0,0
BRDA:69,11,1,3
BRF:24
BRH:13
end_of_record
TN:
SF:routes/auth_routes.js
FN:9,(anonymous_0)
FN:47,(anonymous_1)
FNF:2
FNH:0
FNDA:0,(anonymous_0)
FNDA:0,(anonymous_1)
DA:6,4
DA:9,4
DA:10,0
DA:11,0
DA:14,0
DA:15,0
DA:16,0
DA:19,0
DA:21,0
DA:22,0
DA:26,0
DA:27,0
DA:30,0
DA:33,0
DA:35,0
DA:39,0
DA:42,0
DA:47,4
DA:48,0
DA:51,0
DA:52,0
DA:55,0
DA:56,0
DA:59,0
DA:60,0
DA:62,0
DA:63,0
DA:66,0
DA:67,0
DA:69,0
DA:72,0
DA:76,0
LF:32
LH:3
BRDA:21,0,0,0
BRDA:21,0,1,0
BRDA:26,1,0,0
BRDA:26,1,1,0
BRDA:51,2,0,0
BRDA:51,2,1,0
BRDA:51,3,0,0
BRDA:51,3,1,0
BRDA:59,4,0,0
BRDA:59,4,1,0
BRDA:62,5,0,0
BRDA:62,5,1,0
BRF:12
BRH:0
end_of_record
TN:
SF:routes/class_routes.js
FN:9,(anonymous_0)
FN:38,(anonymous_1)
FN:75,(anonymous_2)
FN:99,(anonymous_3)
FN:131,(anonymous_4)
FNF:5
FNH:1
FNDA:2,(anonymous_0)
FNDA:0,(anonymous_1)
FNDA:0,(anonymous_2)
FNDA:0,(anonymous_3)
FNDA:0,(anonymous_4)
DA:5,4
DA:9,4
DA:38,4
DA:39,0
DA:42,0
DA:44,0
DA:46,0
DA:48,0
DA:50,0
DA:52,0
DA:54,0
DA:59,0
DA:64,0
DA:69,0
DA:75,4
DA:76,0
DA:79,0
DA:81,0
DA:84,0
DA:85,0
DA:89,0
DA:94,0
DA:99,4
DA:100,0
DA:101,0
DA:103,0
DA:105,0
DA:106,0
DA:107,0
DA:108,0
DA:110,0
DA:114,0
DA:118,0
DA:123,0
DA:131,4
DA:132,0
DA:134,0
DA:136,0
DA:137,0
DA:139,0
DA:144,0
LF:41
LH:6
BRDA:46,0,0,0
BRDA:46,0,1,0
BRDA:52,1,0,0
BRDA:52,1,1,0
BRDA:81,2,0,0
BRDA:81,2,1,0
BRDA:103,3,0,0
BRDA:103,3,1,0
BRDA:105,4,0,0
BRDA:105,4,1,0
BRDA:106,5,0,0
BRDA:106,5,1,0
BRDA:108,6,0,0
BRDA:108,6,1,0
BRDA:136,7,0,0
BRDA:136,7,1,0
BRF:16
BRH:0
end_of_record
TN:
SF:routes/student_routes.js
FN:9,(anonymous_0)
FN:23,(anonymous_1)
FN:42,(anonymous_2)
FN:75,(anonymous_3)
FN:135,(anonymous_4)
FNF:5
FNH:3
FNDA:3,(anonymous_0)
FNDA:0,(anonymous_1)
FNDA:1,(anonymous_2)
FNDA:1,(anonymous_3)
FNDA:0,(anonymous_4)
DA:5,4
DA:9,4
DA:10,3
DA:11,3
DA:15,3
DA:17,0
DA:23,4
DA:24,0
DA:25,0
DA:29,0
DA:30,0
DA:33,0
DA:36,0
DA:42,4
DA:43,1
DA:44,1
DA:47,1
DA:48,1
DA:49,0
DA:52,1
DA:66,0
DA:69,1
DA:75,4
DA:76,1
DA:89,1
DA:98,1
DA:99,1
DA:100,0
DA:103,1
DA:120,1
DA:121,1
DA:127,0
DA:129,0
DA:135,4
DA:136,0
DA:137,0
DA:139,0
DA:140,0
DA:141,0
DA:143,0
DA:147,0
LF:41
LH:22
BRDA:29,0,0,0
BRDA:29,0,1,0
BRDA:48,1,0,0
BRDA:48,1,1,1
BRDA:99,2,0,0
BRDA:99,2,1,1
BRDA:120,3,0,1
BRDA:120,3,1,0
BRDA:139,4,0,0
BRDA:139,4,1,0
BRF:10
BRH:3
end_of_record
TN:
SF:routes/test_token.js
FNF:0
FNH:0
DA:1,3
LF:1
LH:1
BRF:0
BRH:0
end_of_record
TN:
SF:routes/year_routes.js
FN:8,(anonymous_0)
FN:11,(anonymous_1)
FN:34,(anonymous_2)
FN:54,(anonymous_3)
FN:78,(anonymous_4)
FNF:5
FNH:1
FNDA:3,(anonymous_0)
FNDA:0,(anonymous_1)
FNDA:0,(anonymous_2)
FNDA:0,(anonymous_3)
FNDA:0,(anonymous_4)
DA:5,4
DA:8,4
DA:11,4
DA:12,0
DA:14,0
DA:16,0
DA:18,0
DA:23,0
DA:29,0
DA:34,4
DA:35,0
DA:36,0
DA:38,0
DA:40,0
DA:44,0
DA:49,0
DA:54,4
DA:55,0
DA:56,0
DA:58,0
DA:60,0
DA:62,0
DA:64,0
DA:68,0
DA:73,0
DA:78,4
DA:79,0
DA:81,0
DA:83,0
DA:84,0
DA:86,0
DA:91,0
LF:32
LH:6
BRDA:16,0,0,0
BRDA:16,0,1,0
BRDA:38,1,0,0
BRDA:38,1,1,0
BRDA:58,2,0,0
BRDA:58,2,1,0
BRDA:62,3,0,0
BRDA:62,3,1,0
BRDA:83,4,0,0
BRDA:83,4,1,0
BRF:10
BRH:0
end_of_record
